Start testing: May 25 22:08 MSK
----------------------------------------------------------
1/16 Testing: AccountTest.DepositValid
1/16 Test: AccountTest.DepositValid
Command: "/home/mapilsey/projects/lab05/build/tests/banking_tests" "--gtest_filter=AccountTest.DepositValid" "--gtest_also_run_disabled_tests"
Directory: /home/mapilsey/projects/lab05/build/tests
"AccountTest.DepositValid" start time: May 25 22:08 MSK
Output:
----------------------------------------------------------
Running main() from /home/mapilsey/projects/lab05/build/_deps/googletest-src/googletest/src/gtest_main.cc
Note: Google Test filter = AccountTest.DepositValid
[==========] Running 1 test from 1 test suite.
[----------] Global test environment set-up.
[----------] 1 test from AccountTest
[ RUN      ] AccountTest.DepositValid
[       OK ] AccountTest.DepositValid (0 ms)
[----------] 1 test from AccountTest (0 ms total)

[----------] Global test environment tear-down
[==========] 1 test from 1 test suite ran. (0 ms total)
[  PASSED  ] 1 test.
<end of output>
Test time =   0.01 sec
----------------------------------------------------------
Test Passed.
"AccountTest.DepositValid" end time: May 25 22:08 MSK
"AccountTest.DepositValid" time elapsed: 00:00:00
----------------------------------------------------------

2/16 Testing: AccountTest.DepositNegativeThrows
2/16 Test: AccountTest.DepositNegativeThrows
Command: "/home/mapilsey/projects/lab05/build/tests/banking_tests" "--gtest_filter=AccountTest.DepositNegativeThrows" "--gtest_also_run_disabled_tests"
Directory: /home/mapilsey/projects/lab05/build/tests
"AccountTest.DepositNegativeThrows" start time: May 25 22:08 MSK
Output:
----------------------------------------------------------
Running main() from /home/mapilsey/projects/lab05/build/_deps/googletest-src/googletest/src/gtest_main.cc
Note: Google Test filter = AccountTest.DepositNegativeThrows
[==========] Running 1 test from 1 test suite.
[----------] Global test environment set-up.
[----------] 1 test from AccountTest
[ RUN      ] AccountTest.DepositNegativeThrows
[       OK ] AccountTest.DepositNegativeThrows (0 ms)
[----------] 1 test from AccountTest (0 ms total)

[----------] Global test environment tear-down
[==========] 1 test from 1 test suite ran. (0 ms total)
[  PASSED  ] 1 test.
<end of output>
Test time =   0.01 sec
----------------------------------------------------------
Test Passed.
"AccountTest.DepositNegativeThrows" end time: May 25 22:08 MSK
"AccountTest.DepositNegativeThrows" time elapsed: 00:00:00
----------------------------------------------------------

3/16 Testing: AccountTest.DepositZeroThrows
3/16 Test: AccountTest.DepositZeroThrows
Command: "/home/mapilsey/projects/lab05/build/tests/banking_tests" "--gtest_filter=AccountTest.DepositZeroThrows" "--gtest_also_run_disabled_tests"
Directory: /home/mapilsey/projects/lab05/build/tests
"AccountTest.DepositZeroThrows" start time: May 25 22:08 MSK
Output:
----------------------------------------------------------
Running main() from /home/mapilsey/projects/lab05/build/_deps/googletest-src/googletest/src/gtest_main.cc
Note: Google Test filter = AccountTest.DepositZeroThrows
[==========] Running 1 test from 1 test suite.
[----------] Global test environment set-up.
[----------] 1 test from AccountTest
[ RUN      ] AccountTest.DepositZeroThrows
[       OK ] AccountTest.DepositZeroThrows (0 ms)
[----------] 1 test from AccountTest (0 ms total)

[----------] Global test environment tear-down
[==========] 1 test from 1 test suite ran. (0 ms total)
[  PASSED  ] 1 test.
<end of output>
Test time =   0.01 sec
----------------------------------------------------------
Test Passed.
"AccountTest.DepositZeroThrows" end time: May 25 22:08 MSK
"AccountTest.DepositZeroThrows" time elapsed: 00:00:00
----------------------------------------------------------

4/16 Testing: AccountTest.WithdrawValid
4/16 Test: AccountTest.WithdrawValid
Command: "/home/mapilsey/projects/lab05/build/tests/banking_tests" "--gtest_filter=AccountTest.WithdrawValid" "--gtest_also_run_disabled_tests"
Directory: /home/mapilsey/projects/lab05/build/tests
"AccountTest.WithdrawValid" start time: May 25 22:08 MSK
Output:
----------------------------------------------------------
Running main() from /home/mapilsey/projects/lab05/build/_deps/googletest-src/googletest/src/gtest_main.cc
Note: Google Test filter = AccountTest.WithdrawValid
[==========] Running 1 test from 1 test suite.
[----------] Global test environment set-up.
[----------] 1 test from AccountTest
[ RUN      ] AccountTest.WithdrawValid
[       OK ] AccountTest.WithdrawValid (0 ms)
[----------] 1 test from AccountTest (0 ms total)

[----------] Global test environment tear-down
[==========] 1 test from 1 test suite ran. (0 ms total)
[  PASSED  ] 1 test.
<end of output>
Test time =   0.01 sec
----------------------------------------------------------
Test Passed.
"AccountTest.WithdrawValid" end time: May 25 22:08 MSK
"AccountTest.WithdrawValid" time elapsed: 00:00:00
----------------------------------------------------------

5/16 Testing: AccountTest.WithdrawNegativeThrows
5/16 Test: AccountTest.WithdrawNegativeThrows
Command: "/home/mapilsey/projects/lab05/build/tests/banking_tests" "--gtest_filter=AccountTest.WithdrawNegativeThrows" "--gtest_also_run_disabled_tests"
Directory: /home/mapilsey/projects/lab05/build/tests
"AccountTest.WithdrawNegativeThrows" start time: May 25 22:08 MSK
Output:
----------------------------------------------------------
Running main() from /home/mapilsey/projects/lab05/build/_deps/googletest-src/googletest/src/gtest_main.cc
Note: Google Test filter = AccountTest.WithdrawNegativeThrows
[==========] Running 1 test from 1 test suite.
[----------] Global test environment set-up.
[----------] 1 test from AccountTest
[ RUN      ] AccountTest.WithdrawNegativeThrows
[       OK ] AccountTest.WithdrawNegativeThrows (0 ms)
[----------] 1 test from AccountTest (0 ms total)

[----------] Global test environment tear-down
[==========] 1 test from 1 test suite ran. (0 ms total)
[  PASSED  ] 1 test.
<end of output>
Test time =   0.01 sec
----------------------------------------------------------
Test Passed.
"AccountTest.WithdrawNegativeThrows" end time: May 25 22:08 MSK
"AccountTest.WithdrawNegativeThrows" time elapsed: 00:00:00
----------------------------------------------------------

6/16 Testing: AccountTest.WithdrawInsufficientFundsThrows
6/16 Test: AccountTest.WithdrawInsufficientFundsThrows
Command: "/home/mapilsey/projects/lab05/build/tests/banking_tests" "--gtest_filter=AccountTest.WithdrawInsufficientFundsThrows" "--gtest_also_run_disabled_tests"
Directory: /home/mapilsey/projects/lab05/build/tests
"AccountTest.WithdrawInsufficientFundsThrows" start time: May 25 22:08 MSK
Output:
----------------------------------------------------------
Running main() from /home/mapilsey/projects/lab05/build/_deps/googletest-src/googletest/src/gtest_main.cc
Note: Google Test filter = AccountTest.WithdrawInsufficientFundsThrows
[==========] Running 1 test from 1 test suite.
[----------] Global test environment set-up.
[----------] 1 test from AccountTest
[ RUN      ] AccountTest.WithdrawInsufficientFundsThrows
[       OK ] AccountTest.WithdrawInsufficientFundsThrows (0 ms)
[----------] 1 test from AccountTest (0 ms total)

[----------] Global test environment tear-down
[==========] 1 test from 1 test suite ran. (0 ms total)
[  PASSED  ] 1 test.
<end of output>
Test time =   0.01 sec
----------------------------------------------------------
Test Passed.
"AccountTest.WithdrawInsufficientFundsThrows" end time: May 25 22:08 MSK
"AccountTest.WithdrawInsufficientFundsThrows" time elapsed: 00:00:00
----------------------------------------------------------

7/16 Testing: AccountTest.InitialBalanceIsZero
7/16 Test: AccountTest.InitialBalanceIsZero
Command: "/home/mapilsey/projects/lab05/build/tests/banking_tests" "--gtest_filter=AccountTest.InitialBalanceIsZero" "--gtest_also_run_disabled_tests"
Directory: /home/mapilsey/projects/lab05/build/tests
"AccountTest.InitialBalanceIsZero" start time: May 25 22:08 MSK
Output:
----------------------------------------------------------
Running main() from /home/mapilsey/projects/lab05/build/_deps/googletest-src/googletest/src/gtest_main.cc
Note: Google Test filter = AccountTest.InitialBalanceIsZero
[==========] Running 1 test from 1 test suite.
[----------] Global test environment set-up.
[----------] 1 test from AccountTest
[ RUN      ] AccountTest.InitialBalanceIsZero
[       OK ] AccountTest.InitialBalanceIsZero (0 ms)
[----------] 1 test from AccountTest (0 ms total)

[----------] Global test environment tear-down
[==========] 1 test from 1 test suite ran. (0 ms total)
[  PASSED  ] 1 test.
<end of output>
Test time =   0.01 sec
----------------------------------------------------------
Test Passed.
"AccountTest.InitialBalanceIsZero" end time: May 25 22:08 MSK
"AccountTest.InitialBalanceIsZero" time elapsed: 00:00:00
----------------------------------------------------------

8/16 Testing: AccountTest.WithdrawExactBalance
8/16 Test: AccountTest.WithdrawExactBalance
Command: "/home/mapilsey/projects/lab05/build/tests/banking_tests" "--gtest_filter=AccountTest.WithdrawExactBalance" "--gtest_also_run_disabled_tests"
Directory: /home/mapilsey/projects/lab05/build/tests
"AccountTest.WithdrawExactBalance" start time: May 25 22:08 MSK
Output:
----------------------------------------------------------
Running main() from /home/mapilsey/projects/lab05/build/_deps/googletest-src/googletest/src/gtest_main.cc
Note: Google Test filter = AccountTest.WithdrawExactBalance
[==========] Running 1 test from 1 test suite.
[----------] Global test environment set-up.
[----------] 1 test from AccountTest
[ RUN      ] AccountTest.WithdrawExactBalance
[       OK ] AccountTest.WithdrawExactBalance (0 ms)
[----------] 1 test from AccountTest (0 ms total)

[----------] Global test environment tear-down
[==========] 1 test from 1 test suite ran. (0 ms total)
[  PASSED  ] 1 test.
<end of output>
Test time =   0.01 sec
----------------------------------------------------------
Test Passed.
"AccountTest.WithdrawExactBalance" end time: May 25 22:08 MSK
"AccountTest.WithdrawExactBalance" time elapsed: 00:00:00
----------------------------------------------------------

9/16 Testing: AccountTest.CreateAndDeleteAccount
9/16 Test: AccountTest.CreateAndDeleteAccount
Command: "/home/mapilsey/projects/lab05/build/tests/banking_tests" "--gtest_filter=AccountTest.CreateAndDeleteAccount" "--gtest_also_run_disabled_tests"
Directory: /home/mapilsey/projects/lab05/build/tests
"AccountTest.CreateAndDeleteAccount" start time: May 25 22:08 MSK
Output:
----------------------------------------------------------
Running main() from /home/mapilsey/projects/lab05/build/_deps/googletest-src/googletest/src/gtest_main.cc
Note: Google Test filter = AccountTest.CreateAndDeleteAccount
[==========] Running 1 test from 1 test suite.
[----------] Global test environment set-up.
[----------] 1 test from AccountTest
[ RUN      ] AccountTest.CreateAndDeleteAccount
[       OK ] AccountTest.CreateAndDeleteAccount (0 ms)
[----------] 1 test from AccountTest (0 ms total)

[----------] Global test environment tear-down
[==========] 1 test from 1 test suite ran. (0 ms total)
[  PASSED  ] 1 test.
<end of output>
Test time =   0.01 sec
----------------------------------------------------------
Test Passed.
"AccountTest.CreateAndDeleteAccount" end time: May 25 22:08 MSK
"AccountTest.CreateAndDeleteAccount" time elapsed: 00:00:00
----------------------------------------------------------

10/16 Testing: TransactionTest.TransferSuccess
10/16 Test: TransactionTest.TransferSuccess
Command: "/home/mapilsey/projects/lab05/build/tests/banking_tests" "--gtest_filter=TransactionTest.TransferSuccess" "--gtest_also_run_disabled_tests"
Directory: /home/mapilsey/projects/lab05/build/tests
"TransactionTest.TransferSuccess" start time: May 25 22:08 MSK
Output:
----------------------------------------------------------
Running main() from /home/mapilsey/projects/lab05/build/_deps/googletest-src/googletest/src/gtest_main.cc
Note: Google Test filter = TransactionTest.TransferSuccess
[==========] Running 1 test from 1 test suite.
[----------] Global test environment set-up.
[----------] 1 test from TransactionTest
[ RUN      ] TransactionTest.TransferSuccess
[       OK ] TransactionTest.TransferSuccess (0 ms)
[----------] 1 test from TransactionTest (0 ms total)

[----------] Global test environment tear-down
[==========] 1 test from 1 test suite ran. (0 ms total)
[  PASSED  ] 1 test.
<end of output>
Test time =   0.01 sec
----------------------------------------------------------
Test Passed.
"TransactionTest.TransferSuccess" end time: May 25 22:08 MSK
"TransactionTest.TransferSuccess" time elapsed: 00:00:00
----------------------------------------------------------

11/16 Testing: TransactionTest.TransferNegativeAmountFails
11/16 Test: TransactionTest.TransferNegativeAmountFails
Command: "/home/mapilsey/projects/lab05/build/tests/banking_tests" "--gtest_filter=TransactionTest.TransferNegativeAmountFails" "--gtest_also_run_disabled_tests"
Directory: /home/mapilsey/projects/lab05/build/tests
"TransactionTest.TransferNegativeAmountFails" start time: May 25 22:08 MSK
Output:
----------------------------------------------------------
Running main() from /home/mapilsey/projects/lab05/build/_deps/googletest-src/googletest/src/gtest_main.cc
Note: Google Test filter = TransactionTest.TransferNegativeAmountFails
[==========] Running 1 test from 1 test suite.
[----------] Global test environment set-up.
[----------] 1 test from TransactionTest
[ RUN      ] TransactionTest.TransferNegativeAmountFails
[       OK ] TransactionTest.TransferNegativeAmountFails (0 ms)
[----------] 1 test from TransactionTest (0 ms total)

[----------] Global test environment tear-down
[==========] 1 test from 1 test suite ran. (0 ms total)
[  PASSED  ] 1 test.
<end of output>
Test time =   0.01 sec
----------------------------------------------------------
Test Passed.
"TransactionTest.TransferNegativeAmountFails" end time: May 25 22:08 MSK
"TransactionTest.TransferNegativeAmountFails" time elapsed: 00:00:00
----------------------------------------------------------

12/16 Testing: TransactionTest.TransferInsufficientFundsFails
12/16 Test: TransactionTest.TransferInsufficientFundsFails
Command: "/home/mapilsey/projects/lab05/build/tests/banking_tests" "--gtest_filter=TransactionTest.TransferInsufficientFundsFails" "--gtest_also_run_disabled_tests"
Directory: /home/mapilsey/projects/lab05/build/tests
"TransactionTest.TransferInsufficientFundsFails" start time: May 25 22:08 MSK
Output:
----------------------------------------------------------
Running main() from /home/mapilsey/projects/lab05/build/_deps/googletest-src/googletest/src/gtest_main.cc
Note: Google Test filter = TransactionTest.TransferInsufficientFundsFails
[==========] Running 1 test from 1 test suite.
[----------] Global test environment set-up.
[----------] 1 test from TransactionTest
[ RUN      ] TransactionTest.TransferInsufficientFundsFails
[       OK ] TransactionTest.TransferInsufficientFundsFails (0 ms)
[----------] 1 test from TransactionTest (0 ms total)

[----------] Global test environment tear-down
[==========] 1 test from 1 test suite ran. (0 ms total)
[  PASSED  ] 1 test.
<end of output>
Test time =   0.01 sec
----------------------------------------------------------
Test Passed.
"TransactionTest.TransferInsufficientFundsFails" end time: May 25 22:08 MSK
"TransactionTest.TransferInsufficientFundsFails" time elapsed: 00:00:00
----------------------------------------------------------

13/16 Testing: TransactionTest.TransferZeroAmountFails
13/16 Test: TransactionTest.TransferZeroAmountFails
Command: "/home/mapilsey/projects/lab05/build/tests/banking_tests" "--gtest_filter=TransactionTest.TransferZeroAmountFails" "--gtest_also_run_disabled_tests"
Directory: /home/mapilsey/projects/lab05/build/tests
"TransactionTest.TransferZeroAmountFails" start time: May 25 22:08 MSK
Output:
----------------------------------------------------------
Running main() from /home/mapilsey/projects/lab05/build/_deps/googletest-src/googletest/src/gtest_main.cc
Note: Google Test filter = TransactionTest.TransferZeroAmountFails
[==========] Running 1 test from 1 test suite.
[----------] Global test environment set-up.
[----------] 1 test from TransactionTest
[ RUN      ] TransactionTest.TransferZeroAmountFails
[       OK ] TransactionTest.TransferZeroAmountFails (0 ms)
[----------] 1 test from TransactionTest (0 ms total)

[----------] Global test environment tear-down
[==========] 1 test from 1 test suite ran. (0 ms total)
[  PASSED  ] 1 test.
<end of output>
Test time =   0.01 sec
----------------------------------------------------------
Test Passed.
"TransactionTest.TransferZeroAmountFails" end time: May 25 22:08 MSK
"TransactionTest.TransferZeroAmountFails" time elapsed: 00:00:00
----------------------------------------------------------

14/16 Testing: TransactionTest.TransferToSelfFails
14/16 Test: TransactionTest.TransferToSelfFails
Command: "/home/mapilsey/projects/lab05/build/tests/banking_tests" "--gtest_filter=TransactionTest.TransferToSelfFails" "--gtest_also_run_disabled_tests"
Directory: /home/mapilsey/projects/lab05/build/tests
"TransactionTest.TransferToSelfFails" start time: May 25 22:08 MSK
Output:
----------------------------------------------------------
Running main() from /home/mapilsey/projects/lab05/build/_deps/googletest-src/googletest/src/gtest_main.cc
Note: Google Test filter = TransactionTest.TransferToSelfFails
[==========] Running 1 test from 1 test suite.
[----------] Global test environment set-up.
[----------] 1 test from TransactionTest
[ RUN      ] TransactionTest.TransferToSelfFails
[       OK ] TransactionTest.TransferToSelfFails (0 ms)
[----------] 1 test from TransactionTest (0 ms total)

[----------] Global test environment tear-down
[==========] 1 test from 1 test suite ran. (0 ms total)
[  PASSED  ] 1 test.
<end of output>
Test time =   0.01 sec
----------------------------------------------------------
Test Passed.
"TransactionTest.TransferToSelfFails" end time: May 25 22:08 MSK
"TransactionTest.TransferToSelfFails" time elapsed: 00:00:00
----------------------------------------------------------

15/16 Testing: TransactionTest.DepositFailureRollsBack
15/16 Test: TransactionTest.DepositFailureRollsBack
Command: "/home/mapilsey/projects/lab05/build/tests/banking_tests" "--gtest_filter=TransactionTest.DepositFailureRollsBack" "--gtest_also_run_disabled_tests"
Directory: /home/mapilsey/projects/lab05/build/tests
"TransactionTest.DepositFailureRollsBack" start time: May 25 22:08 MSK
Output:
----------------------------------------------------------
Running main() from /home/mapilsey/projects/lab05/build/_deps/googletest-src/googletest/src/gtest_main.cc
Note: Google Test filter = TransactionTest.DepositFailureRollsBack
[==========] Running 1 test from 1 test suite.
[----------] Global test environment set-up.
[----------] 1 test from TransactionTest
[ RUN      ] TransactionTest.DepositFailureRollsBack
[       OK ] TransactionTest.DepositFailureRollsBack (0 ms)
[----------] 1 test from TransactionTest (0 ms total)

[----------] Global test environment tear-down
[==========] 1 test from 1 test suite ran. (0 ms total)
[  PASSED  ] 1 test.
<end of output>
Test time =   0.01 sec
----------------------------------------------------------
Test Passed.
"TransactionTest.DepositFailureRollsBack" end time: May 25 22:08 MSK
"TransactionTest.DepositFailureRollsBack" time elapsed: 00:00:00
----------------------------------------------------------

16/16 Testing: TransactionTest.CreateTransactionFactory
16/16 Test: TransactionTest.CreateTransactionFactory
Command: "/home/mapilsey/projects/lab05/build/tests/banking_tests" "--gtest_filter=TransactionTest.CreateTransactionFactory" "--gtest_also_run_disabled_tests"
Directory: /home/mapilsey/projects/lab05/build/tests
"TransactionTest.CreateTransactionFactory" start time: May 25 22:08 MSK
Output:
----------------------------------------------------------
Running main() from /home/mapilsey/projects/lab05/build/_deps/googletest-src/googletest/src/gtest_main.cc
Note: Google Test filter = TransactionTest.CreateTransactionFactory
[==========] Running 1 test from 1 test suite.
[----------] Global test environment set-up.
[----------] 1 test from TransactionTest
[ RUN      ] TransactionTest.CreateTransactionFactory
[       OK ] TransactionTest.CreateTransactionFactory (0 ms)
[----------] 1 test from TransactionTest (0 ms total)

[----------] Global test environment tear-down
[==========] 1 test from 1 test suite ran. (0 ms total)
[  PASSED  ] 1 test.
<end of output>
Test time =   0.01 sec
----------------------------------------------------------
Test Passed.
"TransactionTest.CreateTransactionFactory" end time: May 25 22:08 MSK
"TransactionTest.CreateTransactionFactory" time elapsed: 00:00:00
----------------------------------------------------------

End testing: May 25 22:08 MSK
