TN:
SF:/home/mapilsey/projects/lab05/src/Account.cpp
FNL:0,14,16
FNA:0,8,_ZNK13SimpleAccount10GetBalanceEv
FNL:1,19,21
FNA:1,0,_Z13CreateAccountv
FNL:2,3,6
FNA:2,10,_ZN13SimpleAccount7DepositEd
FNL:3,8,12
FNA:3,6,_ZN13SimpleAccount8WithdrawEd
FNF:4
FNH:3
DA:3,10
DA:4,10
DA:5,9
DA:6,9
DA:8,6
DA:9,6
DA:10,6
DA:11,4
DA:12,4
DA:14,8
DA:15,8
DA:19,0
DA:20,0
LF:13
LH:11
end_of_record
TN:
SF:/home/mapilsey/projects/lab05/src/Account.h
FNL:0,8,8
FNA:0,0,_ZN7AccountD0Ev
FNA:0,0,_ZN7AccountD2Ev
FNF:1
FNH:0
DA:8,0
LF:1
LH:0
end_of_record
TN:
SF:/home/mapilsey/projects/lab05/src/Transaction.cpp
FNL:0,18,20
FNA:0,0,_Z17CreateTransactionv
FNL:1,4,15
FNA:1,4,_ZN16MoneyTransaction4MakeER7AccountS1_d
FNF:2
FNH:1
DA:4,4
DA:5,4
DA:8,3
DA:9,2
DA:10,2
DA:12,1
DA:13,1
DA:14,1
DA:18,0
DA:19,0
LF:10
LH:8
end_of_record
TN:
SF:/home/mapilsey/projects/lab05/src/Transaction.h
FNL:0,8,8
FNA:0,0,_ZN11TransactionD0Ev
FNA:0,0,_ZN11TransactionD2Ev
FNF:1
FNH:0
DA:8,0
LF:1
LH:0
end_of_record
