TN:
SF:/home/mapilsey/projects/lab05/src/Account.cpp
FNL:0,10,18
FNA:0,7,_ZN13SimpleAccount8WithdrawEd
FNL:1,20,22
FNA:1,7,_ZNK13SimpleAccount10GetBalanceEv
FNL:2,24,26
FNA:2,1,_Z13CreateAccountv
FNL:3,3,8
FNA:3,12,_ZN13SimpleAccount7DepositEd
FNF:4
FNH:4
DA:3,12
DA:4,12
DA:5,2
DA:7,10
DA:8,10
DA:10,7
DA:11,7
DA:12,1
DA:14,6
DA:15,2
DA:17,4
DA:18,4
DA:20,7
DA:21,7
DA:24,1
DA:25,1
LF:16
LH:16
end_of_record
TN:
SF:/home/mapilsey/projects/lab05/src/Account.h
FNL:0,8,8
FNA:0,0,_ZN7AccountD0Ev
FNA:0,0,_ZN7AccountD2Ev
FNF:1
FNH:0
DA:8,0
LF:1
LH:0
end_of_record
TN:
SF:/home/mapilsey/projects/lab05/src/Transaction.cpp
FNL:0,24,26
FNA:0,1,_Z17CreateTransactionv
FNL:1,3,22
FNA:1,6,_ZN16MoneyTransaction4MakeER7AccountS1_d
FNF:2
FNH:2
DA:3,6
DA:4,6
DA:5,3
DA:9,3
DA:10,1
DA:11,1
DA:12,1
DA:15,2
DA:16,1
DA:17,1
DA:18,1
DA:19,1
DA:21,1
DA:24,1
DA:25,1
LF:15
LH:15
end_of_record
TN:
SF:/home/mapilsey/projects/lab05/src/Transaction.h
FNL:0,8,8
FNA:0,0,_ZN11TransactionD0Ev
FNA:0,0,_ZN11TransactionD2Ev
FNF:1
FNH:0
DA:8,0
LF:1
LH:0
end_of_record
